<?xml version="1.0" encoding="UTF-8"?>
<!-- Generated by org.testng.reporters.JUnitReportReporter -->
<testsuite hostname="LAPTOP-CUEM7E9T" failures="0" tests="1" name="com.automation.pom.utility.Readxl" time="0.544" errors="0" timestamp="2021-03-14T19:05:18 CDT" skipped="0">
  <testcase classname="com.automation.pom.utility.Readxl" name="getTestData" time="0.544"/>
  <system-out/>
</testsuite> <!-- com.automation.pom.utility.Readxl -->
