<?xml version="1.0" encoding="UTF-8"?>
<!-- Generated by org.testng.reporters.JUnitReportReporter -->
<testsuite hostname="LAPTOP-CUEM7E9T" failures="0" tests="1" name="com.automation.pom.tests.TC_02_POM_Record" time="28.927" errors="0" timestamp="2021-03-14T07:00:17 CDT" skipped="0">
  <testcase classname="com.automation.pom.tests.TC_02_POM_Record" name="recordDetails" time="28.927"/>
  <system-out/>
</testsuite> <!-- com.automation.pom.tests.TC_02_POM_Record -->
