<?xml version="1.0" encoding="UTF-8"?>
<!-- Generated by org.testng.reporters.JUnitReportReporter -->
<testsuite hostname="LAPTOP-CUEM7E9T" failures="0" tests="1" name="com.automation.pom.tests.TC_01_POM_Record" time="30.281" errors="0" timestamp="2021-03-14T06:41:50 CDT" skipped="0">
  <testcase classname="com.automation.pom.tests.TC_01_POM_Record" name="recordDetails" time="30.281"/>
  <system-out/>
</testsuite> <!-- com.automation.pom.tests.TC_01_POM_Record -->
